{"uid":"9295e2e20dbe71fb","name":"test_step02_send_app_rtn","fullName":"tests.app_manager.test_REF_7884#test_step02_send_app_rtn","historyId":"5e7e7bd4d17db8dce30f163c45a12364","time":{"start":1770789733044,"stop":1770789743500,"duration":10456},"status":"failed","statusMessage":"AssertionError: Expected log not found: AppManagerTestAppCli: {\"result\":{\"arg1\":0,\"arg2\":0},\"id\":6}\nassert 'AppManagerTestAppCli: {\"result\":{\"arg1\":0,\"arg2\":0},\"id\":6}' in '01-01 04:54:38.397  2583  2583 I AppManagerTestAppCli: Request data: {\"method\": \"app_rtn\", \"id\": 6}'","statusTrace":"adb = <module.adb_tool.ADBTool object at 0x00000136F02270E0>\n\n    @pytest.mark.dependency(depends=[\"logs_prepared\"], name=\"send_app_rtn_1\")\n    def test_step02_send_app_rtn(adb):\n    \n        start_APP_rtn(adb)\n        time.sleep(10)\n    \n        print(\"send_app_rtn\")\n    \n        logs = log_related(adb)\n        assert logs is not None and logs.strip(), \"No logs collected\"\n    \n    \n>       check_TestApp_logs(logs)\n\ntests\\app_manager\\test_REF_7884.py:181: \n_ _ _ _ _ _ _ _ _ _ _ _ _ _ _ _ _ _ _ _ _ _ _ _ _ _ _ _ _ _ _ _ _ _ _ _ _ _ _ _ _ _ _ _ _ _ _ _ _ _ _ _ _ _ _ _ _ _ _ _ _ _ _ _ _ _ _ _ \n\nlogs = '01-01 04:54:38.397  2583  2583 I AppManagerTestAppCli: Request data: {\"method\": \"app_rtn\", \"id\": 6}'\n\n    def check_TestApp_logs(logs: str):\n    \n        assert logs, \"Log is empty or None\"\n    \n        expected_patterns = [\n            'AppManagerTestAppCli: {\"result\":{\"arg1\":0,\"arg2\":0},\"id\":6}',\n        ]\n    \n        for pattern in expected_patterns:\n>           assert pattern in logs, f\"Expected log not found: {pattern}\"\nE           AssertionError: Expected log not found: AppManagerTestAppCli: {\"result\":{\"arg1\":0,\"arg2\":0},\"id\":6}\nE           assert 'AppManagerTestAppCli: {\"result\":{\"arg1\":0,\"arg2\":0},\"id\":6}' in '01-01 04:54:38.397  2583  2583 I AppManagerTestAppCli: Request data: {\"method\": \"app_rtn\", \"id\": 6}'\n\ntests\\app_manager\\test_REF_7884.py:68: AssertionError","flaky":false,"newFailed":false,"newBroken":false,"newPassed":false,"retriesCount":0,"retriesStatusChange":false,"beforeStages":[{"name":"adb","time":{"start":1770789482187,"stop":1770789482258,"duration":71},"status":"passed","steps":[],"attachments":[],"parameters":[],"hasContent":false,"stepsCount":0,"attachmentStep":false,"attachmentsCount":0,"shouldDisplayMessage":false},{"name":"cantool_runtime_and_shutdown","time":{"start":1770789482187,"stop":1770789482187,"duration":0},"status":"passed","steps":[],"attachments":[],"parameters":[],"hasContent":false,"stepsCount":0,"attachmentStep":false,"attachmentsCount":0,"shouldDisplayMessage":false}],"afterStages":[{"name":"cantool_runtime_and_shutdown::0","time":{"start":1770794423070,"stop":1770794423071,"duration":1},"status":"passed","steps":[],"attachments":[],"parameters":[],"hasContent":false,"stepsCount":0,"attachmentStep":false,"attachmentsCount":0,"shouldDisplayMessage":false}],"labels":[{"name":"parentSuite","value":"tests.app_manager"},{"name":"suite","value":"test_REF_7884"},{"name":"host","value":"DaveWSChen"},{"name":"thread","value":"5600-MainThread"},{"name":"framework","value":"pytest"},{"name":"language","value":"cpython3"},{"name":"package","value":"tests.app_manager.test_REF_7884"},{"name":"resultFormat","value":"allure2"}],"parameters":[],"links":[],"hidden":false,"retry":false,"extra":{"severity":"normal","retries":[],"categories":[{"name":"Product defects","matchedStatuses":[]}],"tags":[]},"source":"9295e2e20dbe71fb.json","parameterValues":[]}