{"uid":"b02dc5504bbd6697","name":"test_step02_check_2pa_icons_present_on_appdrawer","fullName":"tests.app_manager.test_REF_29479#test_step02_check_2pa_icons_present_on_appdrawer","historyId":"a1084eb5a351b9e175dc0bc068fdef0d","time":{"start":1770794069164,"stop":1770794121729,"duration":52565},"status":"failed","statusMessage":"AssertionError: No 2PA icons found in AppDrawer.\n  EXPECTED_2PA_LABELS=['Alexa', 'SOS', 'ASSIST', 'Activate Services', 'Wi-Fi Hotspot']\n  final_present=[]\n  history=[(1, 'before', []), (1, 'after', []), (2, 'before', []), (2, 'after', []), (3, 'before', []), (3, 'after', [])]\nassert []","statusTrace":"driver = <appium.webdriver.webdriver.WebDriver (session=\"ce8a68aa-c996-49e8-8210-70e32e0fb32a\")>\nadb = <module.adb_tool.ADBTool object at 0x00000136F02270E0>\n\n    @pytest.mark.dependency(depends=[\"step01_pkg_list\"])\n    def test_step02_check_2pa_icons_present_on_appdrawer(driver, adb):\n        try:\n            ensure_driver_alive(driver)\n        except InvalidSessionIdException:\n            driver = restart_driver(driver)\n    \n        try:\n            driver.implicitly_wait(1)\n        except Exception:\n            pass\n    \n        time.sleep(5)\n    \n        history = []\n    \n        try:\n            ensure_in_appdrawer(driver, timeout=30, force_all=True)\n            debug_foreground(driver, \" step02_entered\")\n    \n            for i in range(1, SCROLL_TIMES + 1):\n                ensure_in_appdrawer(driver, timeout=20, force_all=False)\n                debug_foreground(driver, f\" round{i}_before\")\n    \n                present_before = [label for label in EXPECTED_2PA_LABELS if is_app_label_present(driver, label)]\n                print(f\"[Step02] Round {i} before arrow_down: present={present_before}\")\n                history.append((i, \"before\", present_before))\n    \n                try:\n                    btn = WebDriverWait(driver, 3).until(\n                        EC.element_to_be_clickable((AppiumBy.XPATH, ARROW_DOWN_XPATH))\n                    )\n                    btn.click()\n                except Exception as e:\n                    print(f\"[Step02] Round {i}: arrow_down not clickable/found: {e}\")\n    \n                time.sleep(WAIT_AFTER_CLICK_SEC)\n    \n                ensure_in_appdrawer(driver, timeout=10, force_all=False)\n                debug_foreground(driver, f\" round{i}_after\")\n    \n                present_after = [label for label in EXPECTED_2PA_LABELS if is_app_label_present(driver, label)]\n                print(f\"[Step02] Round {i} after arrow_down: present={present_after}\")\n                history.append((i, \"after\", present_after))\n    \n            final_present = history[-1][2] if history else []\n>           assert final_present, (\n                \"No 2PA icons found in AppDrawer.\\n\"\n                f\"EXPECTED_2PA_LABELS={EXPECTED_2PA_LABELS}\\n\"\n                f\"final_present={final_present}\\n\"\n                f\"history={history}\"\n            )\nE           AssertionError: No 2PA icons found in AppDrawer.\nE             EXPECTED_2PA_LABELS=['Alexa', 'SOS', 'ASSIST', 'Activate Services', 'Wi-Fi Hotspot']\nE             final_present=[]\nE             history=[(1, 'before', []), (1, 'after', []), (2, 'before', []), (2, 'after', []), (3, 'before', []), (3, 'after', [])]\nE           assert []\n\ntests\\app_manager\\test_REF_29479.py:212: AssertionError","flaky":false,"newFailed":false,"newBroken":false,"newPassed":false,"retriesCount":0,"retriesStatusChange":false,"beforeStages":[{"name":"adb","time":{"start":1770789482187,"stop":1770789482258,"duration":71},"status":"passed","steps":[],"attachments":[],"parameters":[],"hasContent":false,"stepsCount":0,"attachmentStep":false,"attachmentsCount":0,"shouldDisplayMessage":false},{"name":"cantool_runtime_and_shutdown","time":{"start":1770789482187,"stop":1770789482187,"duration":0},"status":"passed","steps":[],"attachments":[],"parameters":[],"hasContent":false,"stepsCount":0,"attachmentStep":false,"attachmentsCount":0,"shouldDisplayMessage":false},{"name":"driver","time":{"start":1770794062802,"stop":1770794069163,"duration":6361},"status":"passed","steps":[],"attachments":[],"parameters":[],"hasContent":false,"stepsCount":0,"attachmentStep":false,"attachmentsCount":0,"shouldDisplayMessage":false}],"afterStages":[{"name":"driver::0","time":{"start":1770794121746,"stop":1770794123014,"duration":1268},"status":"passed","steps":[],"attachments":[],"parameters":[],"hasContent":false,"stepsCount":0,"attachmentStep":false,"attachmentsCount":0,"shouldDisplayMessage":false},{"name":"cantool_runtime_and_shutdown::0","time":{"start":1770794423070,"stop":1770794423071,"duration":1},"status":"passed","steps":[],"attachments":[],"parameters":[],"hasContent":false,"stepsCount":0,"attachmentStep":false,"attachmentsCount":0,"shouldDisplayMessage":false}],"labels":[{"name":"parentSuite","value":"tests.app_manager"},{"name":"suite","value":"test_REF_29479"},{"name":"host","value":"DaveWSChen"},{"name":"thread","value":"5600-MainThread"},{"name":"framework","value":"pytest"},{"name":"language","value":"cpython3"},{"name":"package","value":"tests.app_manager.test_REF_29479"},{"name":"resultFormat","value":"allure2"}],"parameters":[],"links":[],"hidden":false,"retry":false,"extra":{"severity":"normal","retries":[],"categories":[{"name":"Product defects","matchedStatuses":[]}],"tags":[]},"source":"b02dc5504bbd6697.json","parameterValues":[]}