{"uid":"b0cb49a5e86902ce","name":"test_step02_send_install_intent","fullName":"tests.app_manager.test_REF_14808#test_step02_send_install_intent","historyId":"a5c6693ab75f6b2f09254614b6cb74e2","time":{"start":1770790538013,"stop":1770790559318,"duration":21305},"status":"failed","statusMessage":"AssertionError: Timeout: logcat grep 'AppManagerTestAppCli' did not contain:\n\"arg2\"11\n--- last snippet ---\n01-01 05:08:03.625  2566  2566 I AppManagerTestAppCli: Request data: {\"id\": \"1\", \"params\": {\"apps\": [\"\"], \"clipdata\":\"true\"}, \"method\": \"install\"}\n01-01 05:08:03.626  2566  2566 I AppManagerTestAppCli: clipdata: WITH_ITEMS","statusTrace":"adb = <module.adb_tool.ADBTool object at 0x00000136F09B3820>\n\n    @pytest.mark.dependency(depends=[\"logs_prepared\"], name=\"send_install\")\n    def test_step02_send_install_intent(adb):\n    \n        send_install_intent_empty (adb)\n        time.sleep(10)\n    \n        print(\"send_install_intent_with_empty\")\n    \n>       logs_ok = wait_log_contains_tag(adb, TAG, RESULT_OK_KEY, timeout_s=10, poll_s=2)\n                  ^^^^^^^^^^^^^^^^^^^^^^^^^^^^^^^^^^^^^^^^^^^^^^^^^^^^^^^^^^^^^^^^^^^^^^\n\ntests\\app_manager\\test_REF_14808.py:131: \n_ _ _ _ _ _ _ _ _ _ _ _ _ _ _ _ _ _ _ _ _ _ _ _ _ _ _ _ _ _ _ _ _ _ _ _ _ _ _ _ _ _ _ _ _ _ _ _ _ _ _ _ _ _ _ _ _ _ _ _ _ _ _ _ _ _ _ _ \n\nadb = <module.adb_tool.ADBTool object at 0x00000136F09B3820>, tag = 'AppManagerTestAppCli', needle = '\"arg2\"11', timeout_s = 10\npoll_s = 2\n\n    def wait_log_contains_tag(adb, tag: str, needle: str, timeout_s: int = 10, poll_s: int = 2):\n        deadline = time.time() + timeout_s\n        last = \"\"\n        while time.time() < deadline:\n            last = dump_logcat_grep_tag(adb, tag) or \"\"\n            if needle in last:\n                return last\n            time.sleep(poll_s)\n    \n>       raise AssertionError(\n            f\"Timeout: logcat grep '{tag}' did not contain:\\n{needle}\\n\"\n            f\"--- last snippet ---\\n{last[:3000]}\"\n        )\nE       AssertionError: Timeout: logcat grep 'AppManagerTestAppCli' did not contain:\nE       \"arg2\"11\nE       --- last snippet ---\nE       01-01 05:08:03.625  2566  2566 I AppManagerTestAppCli: Request data: {\"id\": \"1\", \"params\": {\"apps\": [\"\"], \"clipdata\":\"true\"}, \"method\": \"install\"}\nE       01-01 05:08:03.626  2566  2566 I AppManagerTestAppCli: clipdata: WITH_ITEMS\n\ntests\\app_manager\\test_REF_14808.py:62: AssertionError","flaky":false,"newFailed":false,"newBroken":false,"newPassed":false,"retriesCount":0,"retriesStatusChange":false,"beforeStages":[{"name":"adb","time":{"start":1770789482187,"stop":1770789482258,"duration":71},"status":"passed","steps":[],"attachments":[],"parameters":[],"hasContent":false,"stepsCount":0,"attachmentStep":false,"attachmentsCount":0,"shouldDisplayMessage":false},{"name":"cantool_runtime_and_shutdown","time":{"start":1770789482187,"stop":1770789482187,"duration":0},"status":"passed","steps":[],"attachments":[],"parameters":[],"hasContent":false,"stepsCount":0,"attachmentStep":false,"attachmentsCount":0,"shouldDisplayMessage":false},{"name":"adb","time":{"start":1770790537391,"stop":1770790537458,"duration":67},"status":"passed","steps":[],"attachments":[],"parameters":[],"hasContent":false,"stepsCount":0,"attachmentStep":false,"attachmentsCount":0,"shouldDisplayMessage":false}],"afterStages":[{"name":"cantool_runtime_and_shutdown::0","time":{"start":1770794423070,"stop":1770794423071,"duration":1},"status":"passed","steps":[],"attachments":[],"parameters":[],"hasContent":false,"stepsCount":0,"attachmentStep":false,"attachmentsCount":0,"shouldDisplayMessage":false}],"labels":[{"name":"parentSuite","value":"tests.app_manager"},{"name":"suite","value":"test_REF_14808"},{"name":"host","value":"DaveWSChen"},{"name":"thread","value":"5600-MainThread"},{"name":"framework","value":"pytest"},{"name":"language","value":"cpython3"},{"name":"package","value":"tests.app_manager.test_REF_14808"},{"name":"resultFormat","value":"allure2"}],"parameters":[],"links":[],"hidden":false,"retry":false,"extra":{"severity":"normal","retries":[],"categories":[{"name":"Product defects","matchedStatuses":[]}],"tags":[]},"source":"b0cb49a5e86902ce.json","parameterValues":[]}