{"uid":"fcbfe7456318b7a5","name":"test_04_collect_logdog","fullName":"tests.app_manager.test_REF_19061#test_04_collect_logdog","historyId":"97699fad1d44591cfb6fabff4f96c4b3","time":{"start":1770791393929,"stop":1770791413655,"duration":19726},"description":"Step 4: Collect logdog for evidence","descriptionHtml":"<p>Step 4: Collect logdog for evidence</p>\n","status":"failed","statusMessage":"AssertionError: Pattern 'RTN:\\s+Reset\\s+success' not found in logdog\nassert []","statusTrace":"adb = <module.adb_tool.ADBTool object at 0x00000136F02270E0>\n\n    @pytest.mark.dependency(name=\"step_04_collect_logdog\", depends=[\"step_03_verify_logs\"])\n    def test_04_collect_logdog(adb):\n        \"\"\"Step 4: Collect logdog for evidence\"\"\"\n        PATTERN = r\"RTN:\\s+Reset\\s+success\"\n        logdog_tool.pull_logdog(adb)\n        logdog_tool.logdog_decrypt_search(CASE_ID, feature=FEATURE)\n        result = logdog_tool.logdog_search(CASE_ID, feature=FEATURE, location=PATTERN, regex=True)\n>       assert result, f\"Pattern '{PATTERN}' not found in logdog\"\nE       AssertionError: Pattern 'RTN:\\s+Reset\\s+success' not found in logdog\nE       assert []\n\ntests\\app_manager\\test_REF_19061.py:39: AssertionError","flaky":false,"newFailed":false,"newBroken":false,"newPassed":false,"retriesCount":0,"retriesStatusChange":false,"beforeStages":[{"name":"adb","time":{"start":1770789482187,"stop":1770789482258,"duration":71},"status":"passed","steps":[],"attachments":[],"parameters":[],"hasContent":false,"stepsCount":0,"attachmentStep":false,"attachmentsCount":0,"shouldDisplayMessage":false},{"name":"cantool_runtime_and_shutdown","time":{"start":1770789482187,"stop":1770789482187,"duration":0},"status":"passed","steps":[],"attachments":[],"parameters":[],"hasContent":false,"stepsCount":0,"attachmentStep":false,"attachmentsCount":0,"shouldDisplayMessage":false},{"name":"setup_env","time":{"start":1770791352153,"stop":1770791352280,"duration":127},"status":"passed","steps":[],"attachments":[],"parameters":[],"hasContent":false,"stepsCount":0,"attachmentStep":false,"attachmentsCount":0,"shouldDisplayMessage":false}],"afterStages":[{"name":"setup_env::0","time":{"start":1770791413661,"stop":1770791413661,"duration":0},"status":"passed","steps":[],"attachments":[],"parameters":[],"hasContent":false,"stepsCount":0,"attachmentStep":false,"attachmentsCount":0,"shouldDisplayMessage":false},{"name":"cantool_runtime_and_shutdown::0","time":{"start":1770794423070,"stop":1770794423071,"duration":1},"status":"passed","steps":[],"attachments":[],"parameters":[],"hasContent":false,"stepsCount":0,"attachmentStep":false,"attachmentsCount":0,"shouldDisplayMessage":false}],"labels":[{"name":"parentSuite","value":"tests.app_manager"},{"name":"suite","value":"test_REF_19061"},{"name":"host","value":"DaveWSChen"},{"name":"thread","value":"5600-MainThread"},{"name":"framework","value":"pytest"},{"name":"language","value":"cpython3"},{"name":"package","value":"tests.app_manager.test_REF_19061"},{"name":"resultFormat","value":"allure2"}],"parameters":[],"links":[],"hidden":false,"retry":false,"extra":{"severity":"normal","retries":[],"categories":[{"name":"Product defects","matchedStatuses":[]}],"tags":[]},"source":"fcbfe7456318b7a5.json","parameterValues":[]}